Arguments: 
  /usr/bin/node /bin/yarn install

PATH: 
  /home/hovaness/.gem/bin:/home/hovaness/.local/bin/:/home/hovaness/Public/apps/cmake-3.23.1-linux-x86_64/bin:/home/hovaness/Public/apps/cmake-3.22.1-linux-x86_64/bin:/home/hovaness/.poetry/bin:/sbin:/bin:/usr/bin:/usr/local/bin:/snap/bin:/home/hovaness/.dotnet/tools:/home/hovaness/.dotnet/tools:/home/hovaness/Android/Sdk/platform-tools:/home/hovaness/Android/Sdk/build-tools:/home/hovaness/Android/Sdk/ndk:/home/hovaness/Android/Sdk/emulator:/home/hovaness/Android/Sdk/ndk:/home/hovaness/Public/apps/gradle-7.4.1/bin:/home/hovaness/Public/apps/Flipper-linux

Yarn version: 
  1.22.18

Node version: 
  16.20.2

Platform: 
  linux x64

Trace: 
  Error: https://github.com/nodejs/nan: tunneling socket could not be established, cause=connect EHOSTUNREACH 0.0.12.56:80
      at ClientRequest.onError (/usr/lib/node_modules/yarn/lib/cli.js:152369:17)
      at Object.onceWrapper (node:events:628:26)
      at ClientRequest.emit (node:events:513:28)
      at Socket.socketErrorListener (node:_http_client:494:9)
      at Socket.emit (node:events:513:28)
      at emitErrorNT (node:internal/streams/destroy:157:8)
      at emitErrorCloseNT (node:internal/streams/destroy:122:3)
      at processTicksAndRejections (node:internal/process/task_queues:83:21)

npm manifest: 
  {
  	"name": "Fundraiser",
  	"version": "1.0.0",
  	"description": "",
  	"main": "main.js",
  	"scripts": {
  		"test": "echo \"Error: no test specified\" && exit 1",
  		"start": "electron ."
  	},
  	"type": "commonjs",
  	"author": "Yuvraj Sharma",
  	"license": "ISC",
  	"dependencies": {
  		"express": "^4.18.2",
  		"socket.io": "^4.7.2"
  	},
  	"devDependencies": {
  		"nodemon": "^3.0.1",
  		"electron": "http://github.com/electron/electron"
  	}
  }

yarn manifest: 
  No manifest

Lockfile: 
  No lockfile
